<?xml version="1.0" encoding="UTF-8"?>
<testng-results skipped="0" failed="1" total="2" passed="1">
  <reporter-output>
    <line>
      <![CDATA[LOG:INFO-Enter username]]>
    </line>
    <line>
      <![CDATA[LOG:INFO-Enter username]]>
    </line>
    <line>
      <![CDATA[LOG:INFO-Enter password]]>
    </line>
    <line>
      <![CDATA[LOG:INFO-Enter password]]>
    </line>
    <line>
      <![CDATA[LOG:INFO-Click on Login button]]>
    </line>
    <line>
      <![CDATA[LOG:INFO-Click on Login button]]>
    </line>
    <line>
      <![CDATA[LOG:INFO-Click on Admin tab]]>
    </line>
    <line>
      <![CDATA[LOG:INFO-Click on add button]]>
    </line>
    <line>
      <![CDATA[LOG:INFO-Type Emp Name]]>
    </line>
    <line>
      <![CDATA[LOG:INFO-Type user Name]]>
    </line>
    <line>
      <![CDATA[LOG:INFO-Type password ]]>
    </line>
    <line>
      <![CDATA[LOG:INFO-Type confirmpassword]]>
    </line>
    <line>
      <![CDATA[LOG:INFO-Click on Save button]]>
    </line>
  </reporter-output>
  <suite name="Suite" duration-ms="67195" started-at="2020-03-28T14:25:24Z" finished-at="2020-03-28T14:26:32Z">
    <groups>
    </groups>
    <test name="Test" duration-ms="67195" started-at="2020-03-28T14:25:24Z" finished-at="2020-03-28T14:26:32Z">
      <class name="testcases.CreateUserTest">
        <test-method status="PASS" signature="setupReport()[pri:0, instance:testcases.CreateUserTest@29f69090]" name="setupReport" is-config="true" duration-ms="277" started-at="2020-03-28T19:55:24Z" finished-at="2020-03-28T19:55:24Z">
          <reporter-output>
          </reporter-output>
        </test-method> <!-- setupReport -->
        <test-method status="PASS" signature="startBrowserSession()[pri:0, instance:testcases.CreateUserTest@29f69090]" name="startBrowserSession" is-config="true" duration-ms="10146" started-at="2020-03-28T19:55:24Z" finished-at="2020-03-28T19:55:35Z">
          <reporter-output>
          </reporter-output>
        </test-method> <!-- startBrowserSession -->
        <test-method status="FAIL" signature="createUser()[pri:0, instance:testcases.CreateUserTest@29f69090]" name="createUser" duration-ms="55595" started-at="2020-03-28T19:55:35Z" finished-at="2020-03-28T19:56:30Z">
          <exception class="org.openqa.selenium.TimeoutException">
            <message>
              <![CDATA[Expected condition failed: waiting for element to be clickable: By.xpath: //*[contains(text(),'Successfully Saved')]  (tried for 30 second(s) with 500 milliseconds interval)]]>
            </message>
            <full-stacktrace>
              <![CDATA[org.openqa.selenium.TimeoutException: Expected condition failed: waiting for element to be clickable: By.xpath: //*[contains(text(),'Successfully Saved')]  (tried for 30 second(s) with 500 milliseconds interval)
	at org.openqa.selenium.support.ui.WebDriverWait.timeoutException(WebDriverWait.java:95)
	at org.openqa.selenium.support.ui.FluentWait.until(FluentWait.java:272)
	at utlity.Helper.verifyMessagesPartial(Helper.java:35)
	at pages.UserPage.addUser(UserPage.java:35)
	at testcases.CreateUserTest.createUser(CreateUserTest.java:26)
	at sun.reflect.NativeMethodAccessorImpl.invoke0(Native Method)
	at sun.reflect.NativeMethodAccessorImpl.invoke(NativeMethodAccessorImpl.java:62)
	at sun.reflect.DelegatingMethodAccessorImpl.invoke(DelegatingMethodAccessorImpl.java:43)
	at java.lang.reflect.Method.invoke(Method.java:498)
	at org.testng.internal.MethodInvocationHelper.invokeMethod(MethodInvocationHelper.java:80)
	at org.testng.internal.Invoker.invokeMethod(Invoker.java:714)
	at org.testng.internal.Invoker.invokeTestMethod(Invoker.java:901)
	at org.testng.internal.Invoker.invokeTestMethods(Invoker.java:1231)
	at org.testng.internal.TestMethodWorker.invokeTestMethods(TestMethodWorker.java:127)
	at org.testng.internal.TestMethodWorker.run(TestMethodWorker.java:111)
	at java.util.concurrent.ThreadPoolExecutor.runWorker(ThreadPoolExecutor.java:1149)
	at java.util.concurrent.ThreadPoolExecutor$Worker.run(ThreadPoolExecutor.java:624)
	at java.lang.Thread.run(Thread.java:748)
Caused by: org.openqa.selenium.NoSuchElementException: no such element: Unable to locate element: {"method":"xpath","selector":"//*[contains(text(),'Successfully Saved')] "}
  (Session info: chrome=80.0.3987.149)
For documentation on this error, please visit: https://www.seleniumhq.org/exceptions/no_such_element.html
Build info: version: '3.141.59', revision: 'e82be7d358', time: '2018-11-14T08:17:03'
System info: host: 'DESKTOP-8OBLECF', ip: '192.168.1.6', os.name: 'Windows 10', os.arch: 'amd64', os.version: '10.0', java.version: '1.8.0_162'
Driver info: org.openqa.selenium.chrome.ChromeDriver
Capabilities {acceptInsecureCerts: false, browserName: chrome, browserVersion: 80.0.3987.149, chrome: {chromedriverVersion: 79.0.3945.36 (3582db32b3389..., userDataDir: C:\Users\USER\AppData\Local...}, goog:chromeOptions: {debuggerAddress: localhost:58270}, javascriptEnabled: true, networkConnectionEnabled: false, pageLoadStrategy: normal, platform: WINDOWS, platformName: WINDOWS, proxy: Proxy(), setWindowRect: true, strictFileInteractability: false, timeouts: {implicit: 0, pageLoad: 300000, script: 30000}, unhandledPromptBehavior: dismiss and notify}
Session ID: d1e2a5c222e6a39b4f7deca400c14276
*** Element info: {Using=xpath, value=//*[contains(text(),'Successfully Saved')] }
	at sun.reflect.NativeConstructorAccessorImpl.newInstance0(Native Method)
	at sun.reflect.NativeConstructorAccessorImpl.newInstance(NativeConstructorAccessorImpl.java:62)
	at sun.reflect.DelegatingConstructorAccessorImpl.newInstance(DelegatingConstructorAccessorImpl.java:45)
	at java.lang.reflect.Constructor.newInstance(Constructor.java:423)
	at org.openqa.selenium.remote.http.W3CHttpResponseCodec.createException(W3CHttpResponseCodec.java:187)
	at org.openqa.selenium.remote.http.W3CHttpResponseCodec.decode(W3CHttpResponseCodec.java:122)
	at org.openqa.selenium.remote.http.W3CHttpResponseCodec.decode(W3CHttpResponseCodec.java:49)
	at org.openqa.selenium.remote.HttpCommandExecutor.execute(HttpCommandExecutor.java:158)
	at org.openqa.selenium.remote.service.DriverCommandExecutor.execute(DriverCommandExecutor.java:83)
	at org.openqa.selenium.remote.RemoteWebDriver.execute(RemoteWebDriver.java:552)
	at org.openqa.selenium.remote.RemoteWebDriver.findElement(RemoteWebDriver.java:323)
	at org.openqa.selenium.remote.RemoteWebDriver.findElementByXPath(RemoteWebDriver.java:428)
	at org.openqa.selenium.By$ByXPath.findElement(By.java:353)
	at org.openqa.selenium.remote.RemoteWebDriver.findElement(RemoteWebDriver.java:315)
	at org.openqa.selenium.support.ui.ExpectedConditions$7.apply(ExpectedConditions.java:205)
	at org.openqa.selenium.support.ui.ExpectedConditions$7.apply(ExpectedConditions.java:201)
	at org.openqa.selenium.support.ui.ExpectedConditions$22.apply(ExpectedConditions.java:641)
	at org.openqa.selenium.support.ui.ExpectedConditions$22.apply(ExpectedConditions.java:638)
	at org.openqa.selenium.support.ui.FluentWait.until(FluentWait.java:249)
	... 16 more
]]>
            </full-stacktrace>
          </exception> <!-- org.openqa.selenium.TimeoutException -->
          <reporter-output>
            <line>
              <![CDATA[LOG:INFO-Enter username]]>
            </line>
            <line>
              <![CDATA[LOG:INFO-Enter password]]>
            </line>
            <line>
              <![CDATA[LOG:INFO-Click on Login button]]>
            </line>
            <line>
              <![CDATA[LOG:INFO-Click on Admin tab]]>
            </line>
            <line>
              <![CDATA[LOG:INFO-Click on add button]]>
            </line>
            <line>
              <![CDATA[LOG:INFO-Type Emp Name]]>
            </line>
            <line>
              <![CDATA[LOG:INFO-Type user Name]]>
            </line>
            <line>
              <![CDATA[LOG:INFO-Type password ]]>
            </line>
            <line>
              <![CDATA[LOG:INFO-Type confirmpassword]]>
            </line>
            <line>
              <![CDATA[LOG:INFO-Click on Save button]]>
            </line>
          </reporter-output>
        </test-method> <!-- createUser -->
        <test-method status="PASS" signature="addResultToReport(org.testng.ITestResult)[pri:0, instance:testcases.CreateUserTest@29f69090]" name="addResultToReport" is-config="true" duration-ms="512" started-at="2020-03-28T19:56:30Z" finished-at="2020-03-28T19:56:31Z">
          <params>
            <param index="0">
              <value>
                <![CDATA[[TestResult name=createUser status=FAILURE method=CreateUserTest.createUser()[pri:0, instance:testcases.CreateUserTest@29f69090] output=LOG:INFO-Enter username]]]>
              </value>
            </param>
          </params>
          <reporter-output>
          </reporter-output>
        </test-method> <!-- addResultToReport -->
        <test-method status="PASS" signature="clearBrowserSession()[pri:0, instance:testcases.CreateUserTest@29f69090]" name="clearBrowserSession" is-config="true" duration-ms="910" started-at="2020-03-28T19:56:31Z" finished-at="2020-03-28T19:56:32Z">
          <reporter-output>
          </reporter-output>
        </test-method> <!-- clearBrowserSession -->
      </class> <!-- testcases.CreateUserTest -->
      <class name="testcases.SmokeTest">
        <test-method status="PASS" signature="startBrowserSession()[pri:0, instance:testcases.SmokeTest@1b083826]" name="startBrowserSession" is-config="true" duration-ms="10205" started-at="2020-03-28T19:55:24Z" finished-at="2020-03-28T19:55:35Z">
          <reporter-output>
          </reporter-output>
        </test-method> <!-- startBrowserSession -->
        <test-method status="PASS" signature="validLogin()[pri:0, instance:testcases.SmokeTest@1b083826]" name="validLogin" duration-ms="9006" started-at="2020-03-28T19:55:35Z" finished-at="2020-03-28T19:55:44Z">
          <reporter-output>
            <line>
              <![CDATA[LOG:INFO-Enter username]]>
            </line>
            <line>
              <![CDATA[LOG:INFO-Enter password]]>
            </line>
            <line>
              <![CDATA[LOG:INFO-Click on Login button]]>
            </line>
          </reporter-output>
        </test-method> <!-- validLogin -->
        <test-method status="PASS" signature="addResultToReport(org.testng.ITestResult)[pri:0, instance:testcases.SmokeTest@1b083826]" name="addResultToReport" is-config="true" duration-ms="815" started-at="2020-03-28T19:55:44Z" finished-at="2020-03-28T19:55:44Z">
          <params>
            <param index="0">
              <value>
                <![CDATA[[TestResult name=validLogin status=SUCCESS method=SmokeTest.validLogin()[pri:0, instance:testcases.SmokeTest@1b083826] output=LOG:INFO-Enter username]]]>
              </value>
            </param>
          </params>
          <reporter-output>
          </reporter-output>
        </test-method> <!-- addResultToReport -->
        <test-method status="PASS" signature="clearBrowserSession()[pri:0, instance:testcases.SmokeTest@1b083826]" name="clearBrowserSession" is-config="true" duration-ms="1093" started-at="2020-03-28T19:55:44Z" finished-at="2020-03-28T19:55:45Z">
          <reporter-output>
          </reporter-output>
        </test-method> <!-- clearBrowserSession -->
      </class> <!-- testcases.SmokeTest -->
    </test> <!-- Test -->
  </suite> <!-- Suite -->
</testng-results>
